[INFO] Scanning for projects...
[INFO] 
[INFO] -------------------------< projects:javaempty >-------------------------
[INFO] Building javaempty 1.0-SNAPSHOT
[INFO] --------------------------------[ jar ]---------------------------------
[INFO] 
[INFO] --- maven-resources-plugin:2.7:resources (default-resources) @ javaempty ---
[INFO] Using 'UTF-8' encoding to copy filtered resources.
[INFO] Copying 2 resources
[INFO] Copying 1 resource
[INFO] 
[INFO] --- maven-compiler-plugin:3.1:compile (default-compile) @ javaempty ---
[INFO] Nothing to compile - all classes are up to date
[INFO] 
[INFO] --- maven-resources-plugin:2.7:testResources (default-testResources) @ javaempty ---
[INFO] Not copying test resources
[INFO] 
[INFO] --- maven-compiler-plugin:3.1:testCompile (default-testCompile) @ javaempty ---
[INFO] Not compiling test sources
[INFO] 
[INFO] --- maven-surefire-plugin:2.18.1:test (default-test) @ javaempty ---
[INFO] Tests are skipped.
[INFO] 
[INFO] --- maven-jar-plugin:2.6:jar (default-jar) @ javaempty ---
[INFO] Building jar: /microclimate-workspace/javaempty/./target/javaempty-1.0-SNAPSHOT.jar
[INFO] 
[INFO] --- spring-boot-maven-plugin:1.5.15.RELEASE:repackage (default) @ javaempty ---
[INFO] ------------------------------------------------------------------------
[INFO] BUILD SUCCESS
[INFO] ------------------------------------------------------------------------
[INFO] Total time:  4.087 s
[INFO] Finished at: 2019-05-29T09:01:37Z
[INFO] ------------------------------------------------------------------------
