
[32m[INFO Wed May 29 09:26:09 UTC 2019 | Project: py] [39mCreating project /microclimate-workspace/py
[32m[INFO Wed May 29 09:26:09 UTC 2019 | Project: py] [39mThe generated image ID is: cad6c6a0-81f3-11e9-b0d3-6dfb45e8d619-docker-e774f31d952f0e076b980d162106184a2a165640
[32m[INFO Wed May 29 09:26:09 UTC 2019 | Project: py] [39mProject data directory: /fwdata/projects/
[32m[INFO Wed May 29 09:26:09 UTC 2019 | Project: py] [39m{"/fwdata/projects/a24146d0-81ed-11e9-b0d3-6dfb45e8d619/a24146d0-81ed-11e9-b0d3-6dfb45e8d619.json":"{\"projectID\":\"a24146d0-81ed-11e9-b0d3-6dfb45e8d619\",\"projectType\":\"spring\",\"location\":\"/microclimate-workspace/javaempty\",\"autoBuildEnabled\":true,\"startMode\":\"run\",\"appPorts\":[8080,\"8080\"],\"debugPort\":\"7777\",\"buildRequest\":false,\"sentProjectInfo\":true}","/fwdata/projects/2e6d37e0-81ee-11e9-b0d3-6dfb45e8d619/2e6d37e0-81ee-11e9-b0d3-6dfb45e8d619.json":"{\"projectID\":\"2e6d37e0-81ee-11e9-b0d3-6dfb45e8d619\",\"projectType\":\"liberty\",\"location\":\"/microclimate-workspace/javaee\",\"autoBuildEnabled\":true,\"startMode\":\"run\",\"appPorts\":[9080,\"9080\"],\"debugPort\":\"7777\",\"buildRequest\":false,\"sentProjectInfo\":false}","/fwdata/projects/b424b730-81f0-11e9-b0d3-6dfb45e8d619/b424b730-81f0-11e9-b0d3-6dfb45e8d619.json":"{\"projectID\":\"b424b730-81f0-11e9-b0d3-6dfb45e8d619\",\"projectType\":\"docker\",\"location\":\"/microclimate-workspace/javalagom\",\"autoBuildEnabled\":true,\"startMode\":\"run\",\"appPorts\":[9000],\"contextRoot\":\"/api/hello/world\",\"sentProjectInfo\":true}","/fwdata/projects/cad6c6a0-81f3-11e9-b0d3-6dfb45e8d619/cad6c6a0-81f3-11e9-b0d3-6dfb45e8d619.json":"{\"projectID\":\"cad6c6a0-81f3-11e9-b0d3-6dfb45e8d619\",\"projectType\":\"docker\",\"location\":\"/microclimate-workspace/py\",\"autoBuildEnabled\":true,\"startMode\":\"run\",\"appPorts\":[5000]}"}
[32m[INFO Wed May 29 09:26:09 UTC 2019 | Project: py] [39mFinished writing file /fwdata/projects/cad6c6a0-81f3-11e9-b0d3-6dfb45e8d619/cad6c6a0-81f3-11e9-b0d3-6dfb45e8d619.json
[32m[INFO Wed May 29 09:26:09 UTC 2019 | Project: py] [39moperationId: d4ad891b01977eca457bcfc7e5f20f8a
[32m[INFO Wed May 29 09:26:09 UTC 2019 | Project: py] [39mPushing project to build queue
[32m[INFO Wed May 29 09:26:09 UTC 2019 | Project: py] [39mBuilding container for docker project /microclimate-workspace/py
[32m[INFO Wed May 29 09:26:09 UTC 2019 | Project: py] [39mThe log name for cad6c6a0-81f3-11e9-b0d3-6dfb45e8d619 is mc-cad6c6a0-81f3-11e9-b0d3-6dfb45e8d619-e774f31d952f0
[32m[INFO Wed May 29 09:26:09 UTC 2019 | Project: py] [39mContainer name: mc-py-cad6c6a0-81f3-11e9-b0d3
[32m[INFO Wed May 29 09:26:09 UTC 2019 | Project: py] [39mLog name: mc-cad6c6a0-81f3-11e9-b0d3-6dfb45e8d619-e774f31d952f0
[32m[INFO Wed May 29 09:26:09 UTC 2019 | Project: py] [39m{"/fwdata/projects/a24146d0-81ed-11e9-b0d3-6dfb45e8d619/a24146d0-81ed-11e9-b0d3-6dfb45e8d619.json":"{\"projectID\":\"a24146d0-81ed-11e9-b0d3-6dfb45e8d619\",\"projectType\":\"spring\",\"location\":\"/microclimate-workspace/javaempty\",\"autoBuildEnabled\":true,\"startMode\":\"run\",\"appPorts\":[8080,\"8080\"],\"debugPort\":\"7777\",\"buildRequest\":false,\"sentProjectInfo\":true}","/fwdata/projects/2e6d37e0-81ee-11e9-b0d3-6dfb45e8d619/2e6d37e0-81ee-11e9-b0d3-6dfb45e8d619.json":"{\"projectID\":\"2e6d37e0-81ee-11e9-b0d3-6dfb45e8d619\",\"projectType\":\"liberty\",\"location\":\"/microclimate-workspace/javaee\",\"autoBuildEnabled\":true,\"startMode\":\"run\",\"appPorts\":[9080,\"9080\"],\"debugPort\":\"7777\",\"buildRequest\":false,\"sentProjectInfo\":false}","/fwdata/projects/b424b730-81f0-11e9-b0d3-6dfb45e8d619/b424b730-81f0-11e9-b0d3-6dfb45e8d619.json":"{\"projectID\":\"b424b730-81f0-11e9-b0d3-6dfb45e8d619\",\"projectType\":\"docker\",\"location\":\"/microclimate-workspace/javalagom\",\"autoBuildEnabled\":true,\"startMode\":\"run\",\"appPorts\":[9000],\"contextRoot\":\"/api/hello/world\",\"sentProjectInfo\":true}","/fwdata/projects/cad6c6a0-81f3-11e9-b0d3-6dfb45e8d619/cad6c6a0-81f3-11e9-b0d3-6dfb45e8d619.json":"{\"projectID\":\"cad6c6a0-81f3-11e9-b0d3-6dfb45e8d619\",\"projectType\":\"docker\",\"location\":\"/microclimate-workspace/py\",\"autoBuildEnabled\":true,\"startMode\":\"run\",\"appPorts\":[5000],\"sentProjectInfo\":false}"}
[32m[INFO Wed May 29 09:26:09 UTC 2019 | Project: py] [39mIn K8 environment: true
[32m[INFO Wed May 29 09:26:09 UTC 2019 | Project: py] [39m{"/fwdata/projects/a24146d0-81ed-11e9-b0d3-6dfb45e8d619/a24146d0-81ed-11e9-b0d3-6dfb45e8d619.json":"{\"projectID\":\"a24146d0-81ed-11e9-b0d3-6dfb45e8d619\",\"projectType\":\"spring\",\"location\":\"/microclimate-workspace/javaempty\",\"autoBuildEnabled\":true,\"startMode\":\"run\",\"appPorts\":[8080,\"8080\"],\"debugPort\":\"7777\",\"buildRequest\":false,\"sentProjectInfo\":true}","/fwdata/projects/2e6d37e0-81ee-11e9-b0d3-6dfb45e8d619/2e6d37e0-81ee-11e9-b0d3-6dfb45e8d619.json":"{\"projectID\":\"2e6d37e0-81ee-11e9-b0d3-6dfb45e8d619\",\"projectType\":\"liberty\",\"location\":\"/microclimate-workspace/javaee\",\"autoBuildEnabled\":true,\"startMode\":\"run\",\"appPorts\":[9080,\"9080\"],\"debugPort\":\"7777\",\"buildRequest\":false,\"sentProjectInfo\":false}","/fwdata/projects/b424b730-81f0-11e9-b0d3-6dfb45e8d619/b424b730-81f0-11e9-b0d3-6dfb45e8d619.json":"{\"projectID\":\"b424b730-81f0-11e9-b0d3-6dfb45e8d619\",\"projectType\":\"docker\",\"location\":\"/microclimate-workspace/javalagom\",\"autoBuildEnabled\":true,\"startMode\":\"run\",\"appPorts\":[9000],\"contextRoot\":\"/api/hello/world\",\"sentProjectInfo\":true}","/fwdata/projects/cad6c6a0-81f3-11e9-b0d3-6dfb45e8d619/cad6c6a0-81f3-11e9-b0d3-6dfb45e8d619.json":"{\"projectID\":\"cad6c6a0-81f3-11e9-b0d3-6dfb45e8d619\",\"projectType\":\"docker\",\"location\":\"/microclimate-workspace/py\",\"autoBuildEnabled\":true,\"startMode\":\"run\",\"appPorts\":[5000],\"sentProjectInfo\":false}"}
[32m[INFO Wed May 29 09:26:09 UTC 2019 | Project: py] [39mBeginning container build and run stage
[32m[INFO Wed May 29 09:26:09 UTC 2019 | Project: py] [39mSetting rank for projectID cad6c6a0-81f3-11e9-b0d3-6dfb45e8d619: 1/1
[32m[INFO Wed May 29 09:26:09 UTC 2019 | Project: py] [39mBuild began for cad6c6a0-81f3-11e9-b0d3-6dfb45e8d619
[32m[INFO Wed May 29 09:26:09 UTC 2019 | Project: py] [39mBeginning build for cad6c6a0-81f3-11e9-b0d3-6dfb45e8d619
[32m[INFO Wed May 29 09:26:09 UTC 2019 | Project: py] [39mBuild state changed for project: cad6c6a0-81f3-11e9-b0d3-6dfb45e8d619 from: unknown, to: inProgress, with message: projectStatusController.buildStarted
[32m[INFO Wed May 29 09:26:09 UTC 2019 | Project: py] [39mBuild state changed for project: cad6c6a0-81f3-11e9-b0d3-6dfb45e8d619 from: unknown, to: queued, with message: projectStatusController.buildRank
[32m[INFO Wed May 29 09:26:09 UTC 2019 | Project: py] [39mEmitting event over socket 
 message: projectStatusChanged
 data: {
  "projectID": "cad6c6a0-81f3-11e9-b0d3-6dfb45e8d619",
  "buildStatus": "queued",
  "detailedBuildStatus": "Rank 1/1"
}
[32m[INFO Wed May 29 09:26:09 UTC 2019 | Project: py] [39mEmitting event over socket 
 message: projectStatusChanged
 data: {
  "projectID": "cad6c6a0-81f3-11e9-b0d3-6dfb45e8d619",
  "buildStatus": "inProgress",
  "detailedBuildStatus": "Build started"
}
[32m[INFO Wed May 29 09:26:09 UTC 2019 | Project: py] [39mHanding create operation to the selected project handler
[32m[INFO Wed May 29 09:26:09 UTC 2019 | Project: py] [39mThe chart location is: /microclimate-workspace/py/chart/py
[32m[INFO Wed May 29 09:26:09 UTC 2019 | Project: py] [39mCopying chart from /microclimate-workspace/py/chart/py to /tmp/py/py
[32m[INFO Wed May 29 09:26:09 UTC 2019 | Project: py] [39mModifying charts and running Helm install from dir /tmp/py/py
[32m[INFO Wed May 29 09:26:09 UTC 2019 | Project: py] [39mwrote /tmp/py/py/templates/service.yaml

[32m[INFO Wed May 29 09:26:09 UTC 2019 | Project: py] [39mwrote /tmp/py/py/templates/deployment.yaml

[32m[INFO Wed May 29 09:26:09 UTC 2019 | Project: py] [39m/tmp/py/py/templates/deployment.yaml

[32m[INFO Wed May 29 09:26:09 UTC 2019 | Project: py] [39m/tmp/py/py/templates/service.yaml

[32m[INFO Wed May 29 09:26:10 UTC 2019 | Project: py] [39mPod name was not found while looking up service information for project.
[32m[INFO Wed May 29 09:26:10 UTC 2019 | Project: py] [39mpingApplications: Application state error message: could not retrieve the port for the project
[32m[INFO Wed May 29 09:26:10 UTC 2019 | Project: py] [39mpingApplications: Application state for project cad6c6a0-81f3-11e9-b0d3-6dfb45e8d619 has changed from unknown to stopped
[32m[INFO Wed May 29 09:26:10 UTC 2019 | Project: py] [39mEmitting event over socket 
 message: projectStatusChanged
 data: {
  "projectID": "cad6c6a0-81f3-11e9-b0d3-6dfb45e8d619",
  "appStatus": "stopped"
}
[32m[INFO Wed May 29 09:26:10 UTC 2019 | Project: py] [39mBuild state changed for project: cad6c6a0-81f3-11e9-b0d3-6dfb45e8d619 from: inProgress, to: inProgress, with message: buildscripts.buildImage
[32m[INFO Wed May 29 09:26:10 UTC 2019 | Project: py] [39mEmitting event over socket 
 message: projectStatusChanged
 data: {
  "projectID": "cad6c6a0-81f3-11e9-b0d3-6dfb45e8d619",
  "buildStatus": "inProgress",
  "detailedBuildStatus": "Creating image"
}
[32m[INFO Wed May 29 09:26:10 UTC 2019 | Project: py] [39mBuild container image
[32m[INFO Wed May 29 09:26:10 UTC 2019 | Project: py] [39mRun docker command: docker build,--label,builtBy=microclimate,-t,mc-py-cad6c6a0-81f3-11e9-b0d3,/microclimate-workspace/py
[32m[INFO Wed May 29 09:26:11 UTC 2019 | Project: py] [39mSending build context to Docker daemon  69.63kB

[32m[INFO Wed May 29 09:26:11 UTC 2019 | Project: py] [39mStep 1/7 : FROM python:3.4-alpine

[32m[INFO Wed May 29 09:26:13 UTC 2019 | Project: py] [39m3.4-alpine: Pulling from library/python

[32m[INFO Wed May 29 09:26:14 UTC 2019 | Project: py] [39m8e402f1a9c57: Pulling fs layer
cda9ba2397ef: Pulling fs layer

[32m[INFO Wed May 29 09:26:14 UTC 2019 | Project: py] [39maafecf9bbbfd: Pulling fs layer
bc2e7e266629: Pulling fs layer
e1977129b756: Pulling fs layer
bc2e7e266629: Waiting
e1977129b756: Waiting

[32m[INFO Wed May 29 09:26:15 UTC 2019 | Project: py] [39mEmitting event over socket 
 message: projectSettingsChanged
 data: {
  "operationId": "undefined",
  "projectID": "cad6c6a0-81f3-11e9-b0d3-6dfb45e8d619",
  "name": "watchedFiles",
  "status": "success"
}
[32m[INFO Wed May 29 09:26:16 UTC 2019 | Project: py] [39mcda9ba2397ef: Verifying Checksum
cda9ba2397ef: Download complete

[32m[INFO Wed May 29 09:26:16 UTC 2019 | Project: py] [39m8e402f1a9c57: Verifying Checksum
8e402f1a9c57: Download complete

[32m[INFO Wed May 29 09:26:17 UTC 2019 | Project: py] [39mbc2e7e266629: Verifying Checksum

[32m[INFO Wed May 29 09:26:17 UTC 2019 | Project: py] [39m8e402f1a9c57: Pull complete

[32m[INFO Wed May 29 09:26:17 UTC 2019 | Project: py] [39mcda9ba2397ef: Pull complete

[32m[INFO Wed May 29 09:26:18 UTC 2019 | Project: py] [39me1977129b756: Verifying Checksum

[32m[INFO Wed May 29 09:26:18 UTC 2019 | Project: py] [39me1977129b756: Download complete

[32m[INFO Wed May 29 09:26:20 UTC 2019 | Project: py] [39maafecf9bbbfd: Verifying Checksum
aafecf9bbbfd: Download complete

[32m[INFO Wed May 29 09:26:32 UTC 2019 | Project: py] [39maafecf9bbbfd: Pull complete

[32m[INFO Wed May 29 09:26:32 UTC 2019 | Project: py] [39mbc2e7e266629: Pull complete

[32m[INFO Wed May 29 09:26:32 UTC 2019 | Project: py] [39me1977129b756: Pull complete

[32m[INFO Wed May 29 09:26:32 UTC 2019 | Project: py] [39mDigest: sha256:c210b660e2ea553a7afa23b41a6ed112f85dbce25cbcb567c75dfe05342a4c4b

[32m[INFO Wed May 29 09:26:32 UTC 2019 | Project: py] [39mStatus: Downloaded newer image for python:3.4-alpine
 ---> c06adcf62f6e
Step 2/7 : ADD . /code

[32m[INFO Wed May 29 09:26:33 UTC 2019 | Project: py] [39m ---> ed72215e631e
Step 3/7 : WORKDIR /code

[32m[INFO Wed May 29 09:26:34 UTC 2019 | Project: py] [39mRemoving intermediate container 835e0faa60b0
 ---> bf6e66a1d90e
Step 4/7 : RUN pip install flask

[32m[INFO Wed May 29 09:26:34 UTC 2019 | Project: py] [39m ---> Running in 37c8fc81d4ef

[32m[INFO Wed May 29 09:26:36 UTC 2019 | Project: py] [39m[91mDEPRECATION: Python 3.4 support has been deprecated. pip 19.1 will be the last one supporting it. Please upgrade your Python as Python 3.4 won't be maintained after March 2019 (cf PEP 429).
[0m
[32m[INFO Wed May 29 09:26:36 UTC 2019 | Project: py] [39mCollecting flask

[32m[INFO Wed May 29 09:26:37 UTC 2019 | Project: py] [39m  Downloading https://files.pythonhosted.org/packages/9a/74/670ae9737d14114753b8c8fdf2e8bd212a05d3b361ab15b44937dfd40985/Flask-1.0.3-py2.py3-none-any.whl (92kB)

[32m[INFO Wed May 29 09:26:37 UTC 2019 | Project: py] [39mCollecting Werkzeug>=0.14 (from flask)

[32m[INFO Wed May 29 09:26:37 UTC 2019 | Project: py] [39m  Downloading https://files.pythonhosted.org/packages/9f/57/92a497e38161ce40606c27a86759c6b92dd34fcdb33f64171ec559257c02/Werkzeug-0.15.4-py2.py3-none-any.whl (327kB)

[32m[INFO Wed May 29 09:26:37 UTC 2019 | Project: py] [39mCollecting Jinja2>=2.10 (from flask)

[32m[INFO Wed May 29 09:26:37 UTC 2019 | Project: py] [39m  Downloading https://files.pythonhosted.org/packages/1d/e7/fd8b501e7a6dfe492a433deb7b9d833d39ca74916fa8bc63dd1a4947a671/Jinja2-2.10.1-py2.py3-none-any.whl (124kB)

[32m[INFO Wed May 29 09:26:37 UTC 2019 | Project: py] [39mCollecting itsdangerous>=0.24 (from flask)

[32m[INFO Wed May 29 09:26:37 UTC 2019 | Project: py] [39m  Downloading https://files.pythonhosted.org/packages/76/ae/44b03b253d6fade317f32c24d100b3b35c2239807046a4c953c7b89fa49e/itsdangerous-1.1.0-py2.py3-none-any.whl

[32m[INFO Wed May 29 09:26:37 UTC 2019 | Project: py] [39mCollecting click>=5.1 (from flask)

[32m[INFO Wed May 29 09:26:38 UTC 2019 | Project: py] [39m  Downloading https://files.pythonhosted.org/packages/fa/37/45185cb5abbc30d7257104c434fe0b07e5a195a6847506c074527aa599ec/Click-7.0-py2.py3-none-any.whl (81kB)

[32m[INFO Wed May 29 09:26:38 UTC 2019 | Project: py] [39mCollecting MarkupSafe>=0.23 (from Jinja2>=2.10->flask)

[32m[INFO Wed May 29 09:26:38 UTC 2019 | Project: py] [39m  Downloading https://files.pythonhosted.org/packages/b9/2e/64db92e53b86efccfaea71321f597fa2e1b2bd3853d8ce658568f7a13094/MarkupSafe-1.1.1.tar.gz

[32m[INFO Wed May 29 09:26:38 UTC 2019 | Project: py] [39mBuilding wheels for collected packages: MarkupSafe

[32m[INFO Wed May 29 09:26:38 UTC 2019 | Project: py] [39m  Building wheel for MarkupSafe (setup.py): started

[32m[INFO Wed May 29 09:26:39 UTC 2019 | Project: py] [39m  Building wheel for MarkupSafe (setup.py): finished with status 'done'

[32m[INFO Wed May 29 09:26:39 UTC 2019 | Project: py] [39m  Stored in directory: /root/.cache/pip/wheels/f2/aa/04/0edf07a1b8a5f5f1aed7580fffb69ce8972edc16a505916a77

[32m[INFO Wed May 29 09:26:39 UTC 2019 | Project: py] [39mSuccessfully built MarkupSafe

[32m[INFO Wed May 29 09:26:39 UTC 2019 | Project: py] [39mInstalling collected packages: Werkzeug, MarkupSafe, Jinja2, itsdangerous, click, flask

[32m[INFO Wed May 29 09:26:39 UTC 2019 | Project: py] [39mSuccessfully installed Jinja2-2.10.1 MarkupSafe-1.1.1 Werkzeug-0.15.4 click-7.0 flask-1.0.3 itsdangerous-1.1.0

[32m[INFO Wed May 29 09:26:40 UTC 2019 | Project: py] [39m[91mYou are using pip version 19.0.3, however version 19.1.1 is available.
You should consider upgrading via the 'pip install --upgrade pip' command.
[0m
[32m[INFO Wed May 29 09:26:41 UTC 2019 | Project: py] [39mRemoving intermediate container 37c8fc81d4ef
 ---> f3016b8ed146
Step 5/7 : CMD ["python", "app.py"]

[32m[INFO Wed May 29 09:26:42 UTC 2019 | Project: py] [39m ---> Running in 19a1a3a92d81

[32m[INFO Wed May 29 09:26:42 UTC 2019 | Project: py] [39mRemoving intermediate container 19a1a3a92d81
 ---> cd60fe8b682d
Step 6/7 : EXPOSE 5000
[32m[INFO Wed May 29 09:26:42 UTC 2019 | Project: py] [39m

[32m[INFO Wed May 29 09:26:42 UTC 2019 | Project: py] [39m ---> Running in ff7278b34bcb

[32m[INFO Wed May 29 09:26:42 UTC 2019 | Project: py] [39mRemoving intermediate container ff7278b34bcb
 ---> 8a031a49ee4b

[32m[INFO Wed May 29 09:26:42 UTC 2019 | Project: py] [39mStep 7/7 : LABEL "builtBy"='microclimate'

[32m[INFO Wed May 29 09:26:43 UTC 2019 | Project: py] [39m ---> Running in a0567f284253

[32m[INFO Wed May 29 09:26:43 UTC 2019 | Project: py] [39mRemoving intermediate container a0567f284253
 ---> 91a245c09e69

[32m[INFO Wed May 29 09:26:43 UTC 2019 | Project: py] [39mSuccessfully built 91a245c09e69

[32m[INFO Wed May 29 09:26:43 UTC 2019 | Project: py] [39mSuccessfully tagged mc-py-cad6c6a0-81f3-11e9-b0d3:latest

[32m[INFO Wed May 29 09:26:43 UTC 2019 | Project: py] [39mBuild log created: /microclimate-workspace/.logs/py-cad6c6a0-81f3-11e9-b0d3-6dfb45e8d619/docker.build.log
[32m[INFO Wed May 29 09:26:43 UTC 2019 | Project: py] [39mContainer image build stage complete.
[32m[INFO Wed May 29 09:26:43 UTC 2019 | Project: py] [39mBuild state changed for project: cad6c6a0-81f3-11e9-b0d3-6dfb45e8d619 from: inProgress, to: inProgress, with message: buildscripts.containerBuildSuccess
[32m[INFO Wed May 29 09:26:43 UTC 2019 | Project: py] [39mEmitting event over socket 
 message: projectStatusChanged
 data: {
  "projectID": "cad6c6a0-81f3-11e9-b0d3-6dfb45e8d619",
  "buildStatus": "inProgress",
  "detailedBuildStatus": "Container image has been built successfully",
  "appImageLastBuild": "1559122003578"
}
[32m[INFO Wed May 29 09:26:43 UTC 2019 | Project: py] [39mTagging docker image
[32m[INFO Wed May 29 09:26:43 UTC 2019 | Project: py] [39mRun docker command: docker tag,mc-py-cad6c6a0-81f3-11e9-b0d3,mycluster.icp:8500/microclimate/mc-py-cad6c6a0-81f3-11e9-b0d3
[32m[INFO Wed May 29 09:26:44 UTC 2019 | Project: py] [39mPushing docker image
[32m[INFO Wed May 29 09:26:44 UTC 2019 | Project: py] [39mRun docker command: docker push,mycluster.icp:8500/microclimate/mc-py-cad6c6a0-81f3-11e9-b0d3
[32m[INFO Wed May 29 09:26:44 UTC 2019 | Project: py] [39mThe push refers to repository [mycluster.icp:8500/microclimate/mc-py-cad6c6a0-81f3-11e9-b0d3]

[32m[INFO Wed May 29 09:26:44 UTC 2019 | Project: py] [39mce7100b582bf: Preparing
1e8b891e9e22: Preparing
62de8bcc470a: 
[32m[INFO Wed May 29 09:26:44 UTC 2019 | Project: py] [39mPreparing
58026b9b6bf1: Preparing
fbe16fc07f0d: Preparing
aabe8fddede5: Preparing
bcf2f368fe23: Preparing
aabe8fddede5: Waiting
bcf2f368fe23: Waiting

[32m[INFO Wed May 29 09:26:45 UTC 2019 | Project: py] [39m58026b9b6bf1: Pushed
1e8b891e9e22: Pushed

[32m[INFO Wed May 29 09:26:45 UTC 2019 | Project: py] [39maabe8fddede5: Pushed

[32m[INFO Wed May 29 09:26:45 UTC 2019 | Project: py] [39m62de8bcc470a: Pushed

[32m[INFO Wed May 29 09:26:45 UTC 2019 | Project: py] [39mbcf2f368fe23: Pushed

[32m[INFO Wed May 29 09:26:46 UTC 2019 | Project: py] [39mce7100b582bf: Pushed

[32m[INFO Wed May 29 09:26:50 UTC 2019 | Project: py] [39mfbe16fc07f0d: Pushed

[32m[INFO Wed May 29 09:26:50 UTC 2019 | Project: py] [39mlatest: digest: sha256:1cf4611b3385c173f6b2db32fac4cd48681f7e8bb71391fe97ca959d6e87c0f0 size: 1788

[32m[INFO Wed May 29 09:26:50 UTC 2019 | Project: py] [39mInstalling helm chart
[32m[INFO Wed May 29 09:26:50 UTC 2019 | Project: py] [39mRunning helm command: helm upgrade,--install,mc-py-cad6c6a0-81f3-11e9-b0d3,--recreate-pods,--values=/scripts/override-values-icp.yaml,--set,image.repository=mycluster.icp:8500/microclimate/mc-py-cad6c6a0-81f3-11e9-b0d3,--set,microclimate.release.name=microclimate,/tmp/py/py
[32m[INFO Wed May 29 09:26:51 UTC 2019 | Project: py] [39mRelease "mc-py-cad6c6a0-81f3-11e9-b0d3" does not exist. Installing it now.

[32m[INFO Wed May 29 09:26:51 UTC 2019 | Project: py] [39mNAME:   mc-py-cad6c6a0-81f3-11e9-b0d3

[32m[INFO Wed May 29 09:26:51 UTC 2019 | Project: py] [39mLAST DEPLOYED: Wed May 29 09:26:51 2019
NAMESPACE: microclimate
STATUS: DEPLOYED

RESOURCES:
==> v1/Service
NAME                           TYPE      CLUSTER-IP   EXTERNAL-IP  PORT(S)         AGE
mc-py-cad6c6a0-81f3-11e9-b0d3  NodePort  10.0.58.239  <none>       
[32m[INFO Wed May 29 09:26:51 UTC 2019 | Project: py] [39m5000:30395/TCP  0s

==> v1beta1/Deployment
NAME                           DESIRED  CURRENT  UP-TO-DATE  AVAILABLE  AGE
mc-py-cad6c6a0-81f3-11e9-b0d3  1        1        1           0          0s

==> v1/Pod(related)
NAME                                            READY  STATUS             RESTARTS  AGE
mc-py-cad6c6a0-81f3-11e9-b0d3-6666f9b757-nr9gf  0/1    ContainerCreating  0         0s



[32m[INFO Wed May 29 09:26:51 UTC 2019 | Project: py] [39mBuild log created: /microclimate-workspace/.logs/py-cad6c6a0-81f3-11e9-b0d3-6dfb45e8d619/docker.build.log
[32m[INFO Wed May 29 09:26:53 UTC 2019 | Project: py] [39mValidating project: {"projectType":"docker","location":"/microclimate-workspace/py","projectID":"cad6c6a0-81f3-11e9-b0d3-6dfb45e8d619"} using operationId: 579f43ebf18248511341ec650ed04420
[32m[INFO Wed May 29 09:26:53 UTC 2019 | Project: py] [39mChecking for required files
[32m[INFO Wed May 29 09:26:53 UTC 2019 | Project: py] [39mChecking for required file /Dockerfile
[32m[INFO Wed May 29 09:26:53 UTC 2019 | Project: py] [39mSending validation result
[32m[INFO Wed May 29 09:26:53 UTC 2019 | Project: py] [39mEmitting event over socket 
 message: projectValidated
 data: {
  "operationId": "579f43ebf18248511341ec650ed04420",
  "projectType": "docker",
  "location": "/microclimate-workspace/py",
  "projectID": "cad6c6a0-81f3-11e9-b0d3-6dfb45e8d619",
  "status": "success",
  "results": []
}
[32m[INFO Wed May 29 09:26:53 UTC 2019 | Project: py] [39mBuild state changed for project: cad6c6a0-81f3-11e9-b0d3-6dfb45e8d619 from: inProgress, to: success, with message:  
[32m[INFO Wed May 29 09:26:53 UTC 2019 | Project: py] [39mEmitting event over socket 
 message: projectStatusChanged
 data: {
  "projectID": "cad6c6a0-81f3-11e9-b0d3-6dfb45e8d619",
  "buildStatus": "success",
  "detailedBuildStatus": " ",
  "lastbuild": 1559122013366
}
[32m[INFO Wed May 29 09:26:53 UTC 2019 | Project: py] [39mKicking off validation for project: cad6c6a0-81f3-11e9-b0d3-6dfb45e8d619
[32m[INFO Wed May 29 09:26:53 UTC 2019 | Project: py] [39mApplication state changed for project: cad6c6a0-81f3-11e9-b0d3-6dfb45e8d619 from: stopped, to: starting, with message:  
[32m[INFO Wed May 29 09:26:53 UTC 2019 | Project: py] [39mEmitting event over socket 
 message: projectStatusChanged
 data: {
  "projectID": "cad6c6a0-81f3-11e9-b0d3-6dfb45e8d619",
  "appStatus": "starting",
  "appErrorStatus": " "
}
[32m[INFO Wed May 29 09:26:56 UTC 2019 | Project: py] [39mThe pod for helm release mc-py-cad6c6a0-81f3-11e9-b0d3 is now up
[32m[INFO Wed May 29 09:26:56 UTC 2019 | Project: py] [39mClearing the isApplicationPodUp interval
[32m[INFO Wed May 29 09:26:56 UTC 2019 | Project: py] [39mThe container was started successfully for application /microclimate-workspace/py
[32m[INFO Wed May 29 09:26:56 UTC 2019 | Project: py] [39mThe project location for cad6c6a0-81f3-11e9-b0d3-6dfb45e8d619 is /microclimate-workspace/py
[32m[INFO Wed May 29 09:26:56 UTC 2019 | Project: py] [39mFound the pod while looking up service information for project.
[32m[INFO Wed May 29 09:26:56 UTC 2019 | Project: py] [39mPod name: mc-py-cad6c6a0-81f3-11e9-b0d3-6666f9b757-nr9gf
[32m[INFO Wed May 29 09:26:56 UTC 2019 | Project: py] [39mFound the pod while looking up service information for project.
[32m[INFO Wed May 29 09:26:56 UTC 2019 | Project: py] [39mPod name: mc-py-cad6c6a0-81f3-11e9-b0d3-6666f9b757-nr9gf
[32m[INFO Wed May 29 09:26:56 UTC 2019 | Project: py] [39mInternal port: 5000
[32m[INFO Wed May 29 09:26:56 UTC 2019 | Project: py] [39mExposed port: 30395
[32m[INFO Wed May 29 09:26:56 UTC 2019 | Project: py] [39mAll the exposed pod ports: ["5000"]
[32m[INFO Wed May 29 09:26:56 UTC 2019 | Project: py] [39mInternal port: 5000
[32m[INFO Wed May 29 09:26:56 UTC 2019 | Project: py] [39mExposed port: 30395
[32m[INFO Wed May 29 09:26:56 UTC 2019 | Project: py] [39mAll the exposed pod ports: ["5000"]
[32m[INFO Wed May 29 09:26:56 UTC 2019 | Project: py] [39mIP address info: 172.17.221.38
[32m[INFO Wed May 29 09:26:56 UTC 2019 | Project: py] [39mbuildlog path:
 undefined
[32m[INFO Wed May 29 09:26:56 UTC 2019 | Project: py] [39mapplog path:
undefined
[32m[INFO Wed May 29 09:26:56 UTC 2019 | Project: py] [39m{"/fwdata/projects/a24146d0-81ed-11e9-b0d3-6dfb45e8d619/a24146d0-81ed-11e9-b0d3-6dfb45e8d619.json":"{\"projectID\":\"a24146d0-81ed-11e9-b0d3-6dfb45e8d619\",\"projectType\":\"spring\",\"location\":\"/microclimate-workspace/javaempty\",\"autoBuildEnabled\":true,\"startMode\":\"run\",\"appPorts\":[8080,\"8080\"],\"debugPort\":\"7777\",\"buildRequest\":false,\"sentProjectInfo\":true}","/fwdata/projects/2e6d37e0-81ee-11e9-b0d3-6dfb45e8d619/2e6d37e0-81ee-11e9-b0d3-6dfb45e8d619.json":"{\"projectID\":\"2e6d37e0-81ee-11e9-b0d3-6dfb45e8d619\",\"projectType\":\"liberty\",\"location\":\"/microclimate-workspace/javaee\",\"autoBuildEnabled\":true,\"startMode\":\"run\",\"appPorts\":[9080,\"9080\"],\"debugPort\":\"7777\",\"buildRequest\":false,\"sentProjectInfo\":false}","/fwdata/projects/b424b730-81f0-11e9-b0d3-6dfb45e8d619/b424b730-81f0-11e9-b0d3-6dfb45e8d619.json":"{\"projectID\":\"b424b730-81f0-11e9-b0d3-6dfb45e8d619\",\"projectType\":\"docker\",\"location\":\"/microclimate-workspace/javalagom\",\"autoBuildEnabled\":true,\"startMode\":\"run\",\"appPorts\":[9000],\"contextRoot\":\"/api/hello/world\",\"sentProjectInfo\":true}","/fwdata/projects/cad6c6a0-81f3-11e9-b0d3-6dfb45e8d619/cad6c6a0-81f3-11e9-b0d3-6dfb45e8d619.json":"{\"projectID\":\"cad6c6a0-81f3-11e9-b0d3-6dfb45e8d619\",\"projectType\":\"docker\",\"location\":\"/microclimate-workspace/py\",\"autoBuildEnabled\":true,\"startMode\":\"run\",\"appPorts\":[5000],\"sentProjectInfo\":true}"}
[32m[INFO Wed May 29 09:26:56 UTC 2019 | Project: py] [39mFound container information: {"podName":"mc-py-cad6c6a0-81f3-11e9-b0d3-6666f9b757-nr9gf","ip":"172.17.221.38","exposedPort":"30395","internalPort":"5000","podPorts":["5000"]}
[32m[INFO Wed May 29 09:26:56 UTC 2019 | Project: py] [39mDockerProject projects do not specify build logs.
[32m[INFO Wed May 29 09:26:56 UTC 2019 | Project: py] [39mDockerProject projects do not specify app logs.
[32m[INFO Wed May 29 09:26:56 UTC 2019 | Project: py] [39mFinished writing file /fwdata/projects/cad6c6a0-81f3-11e9-b0d3-6dfb45e8d619/cad6c6a0-81f3-11e9-b0d3-6dfb45e8d619.json
[32m[INFO Wed May 29 09:26:56 UTC 2019 | Project: py] [39mEmitting event over socket 
 message: projectCreation
 data: {
  "operationId": "d4ad891b01977eca457bcfc7e5f20f8a",
  "projectID": "cad6c6a0-81f3-11e9-b0d3-6dfb45e8d619",
  "status": "success",
  "host": "172.17.221.38",
  "ports": {
    "exposedPort": "30395",
    "internalPort": "5000"
  },
  "podName": "mc-py-cad6c6a0-81f3-11e9-b0d3-6666f9b757-nr9gf",
  "logs": {}
}
[32m[INFO Wed May 29 09:26:56 UTC 2019 | Project: py] [39mEmitted event: projectCreation
{"operationId":"d4ad891b01977eca457bcfc7e5f20f8a","projectID":"cad6c6a0-81f3-11e9-b0d3-6dfb45e8d619","status":"success","host":"172.17.221.38","ports":{"exposedPort":"30395","internalPort":"5000"},"podName":"mc-py-cad6c6a0-81f3-11e9-b0d3-6666f9b757-nr9gf","logs":{}}
[32m[INFO Wed May 29 09:26:56 UTC 2019 | Project: py] [39mContainer build and helm install stage complete
[32m[INFO Wed May 29 09:26:57 UTC 2019 | Project: py] [39mpingInTransitApplications: Application state error message: Http request is failed due to timeout error
[32m[INFO Wed May 29 09:27:04 UTC 2019 | Project: py] [39mpingInTransitApplications: Application state for project cad6c6a0-81f3-11e9-b0d3-6dfb45e8d619 has changed from starting to started
[32m[INFO Wed May 29 09:27:04 UTC 2019 | Project: py] [39mEmitting event over socket 
 message: projectStatusChanged
 data: {
  "projectID": "cad6c6a0-81f3-11e9-b0d3-6dfb45e8d619",
  "appStatus": "started"
}